[2025-09-06T07:25:27.827+0000] {processor.py:161} INFO - Started process (PID=160) to work on /opt/airflow/dags/ml_pipeline_dag.py
[2025-09-06T07:25:27.828+0000] {processor.py:830} INFO - Processing file /opt/airflow/dags/ml_pipeline_dag.py for tasks to queue
[2025-09-06T07:25:27.830+0000] {logging_mixin.py:188} INFO - [2025-09-06T07:25:27.830+0000] {dagbag.py:545} INFO - Filling up the DagBag from /opt/airflow/dags/ml_pipeline_dag.py
[2025-09-06T07:25:27.853+0000] {processor.py:840} INFO - DAG(s) 'mlops_w8_pipeline' retrieved from /opt/airflow/dags/ml_pipeline_dag.py
[2025-09-06T07:25:28.344+0000] {logging_mixin.py:188} INFO - [2025-09-06T07:25:28.343+0000] {override.py:1858} INFO - Created Permission View: can edit on DAG:mlops_w8_pipeline
[2025-09-06T07:25:28.354+0000] {logging_mixin.py:188} INFO - [2025-09-06T07:25:28.353+0000] {override.py:1858} INFO - Created Permission View: can read on DAG:mlops_w8_pipeline
[2025-09-06T07:25:28.360+0000] {logging_mixin.py:188} INFO - [2025-09-06T07:25:28.360+0000] {override.py:1858} INFO - Created Permission View: can delete on DAG:mlops_w8_pipeline
[2025-09-06T07:25:28.360+0000] {logging_mixin.py:188} INFO - [2025-09-06T07:25:28.360+0000] {dag.py:3089} INFO - Sync 1 DAGs
[2025-09-06T07:25:28.370+0000] {logging_mixin.py:188} INFO - [2025-09-06T07:25:28.370+0000] {dag.py:3111} INFO - Creating ORM DAG for mlops_w8_pipeline
[2025-09-06T07:25:28.380+0000] {logging_mixin.py:188} INFO - [2025-09-06T07:25:28.380+0000] {dag.py:3947} INFO - Setting next_dagrun for mlops_w8_pipeline to 2025-09-05 00:00:00+00:00, run_after=2025-09-06 00:00:00+00:00
[2025-09-06T07:25:28.404+0000] {processor.py:183} INFO - Processing /opt/airflow/dags/ml_pipeline_dag.py took 0.583 seconds
[2025-09-06T07:25:58.535+0000] {processor.py:161} INFO - Started process (PID=165) to work on /opt/airflow/dags/ml_pipeline_dag.py
[2025-09-06T07:25:58.536+0000] {processor.py:830} INFO - Processing file /opt/airflow/dags/ml_pipeline_dag.py for tasks to queue
[2025-09-06T07:25:58.538+0000] {logging_mixin.py:188} INFO - [2025-09-06T07:25:58.537+0000] {dagbag.py:545} INFO - Filling up the DagBag from /opt/airflow/dags/ml_pipeline_dag.py
[2025-09-06T07:25:58.550+0000] {processor.py:840} INFO - DAG(s) 'mlops_w8_pipeline' retrieved from /opt/airflow/dags/ml_pipeline_dag.py
[2025-09-06T07:25:58.586+0000] {logging_mixin.py:188} INFO - [2025-09-06T07:25:58.585+0000] {dag.py:3089} INFO - Sync 1 DAGs
[2025-09-06T07:25:58.608+0000] {logging_mixin.py:188} INFO - [2025-09-06T07:25:58.608+0000] {dag.py:3947} INFO - Setting next_dagrun for mlops_w8_pipeline to 2025-09-05 00:00:00+00:00, run_after=2025-09-06 00:00:00+00:00
[2025-09-06T07:25:58.799+0000] {processor.py:183} INFO - Processing /opt/airflow/dags/ml_pipeline_dag.py took 0.271 seconds
[2025-09-06T07:26:28.925+0000] {processor.py:161} INFO - Started process (PID=170) to work on /opt/airflow/dags/ml_pipeline_dag.py
[2025-09-06T07:26:28.927+0000] {processor.py:830} INFO - Processing file /opt/airflow/dags/ml_pipeline_dag.py for tasks to queue
[2025-09-06T07:26:28.929+0000] {logging_mixin.py:188} INFO - [2025-09-06T07:26:28.929+0000] {dagbag.py:545} INFO - Filling up the DagBag from /opt/airflow/dags/ml_pipeline_dag.py
[2025-09-06T07:26:28.942+0000] {processor.py:840} INFO - DAG(s) 'mlops_w8_pipeline' retrieved from /opt/airflow/dags/ml_pipeline_dag.py
[2025-09-06T07:26:28.977+0000] {logging_mixin.py:188} INFO - [2025-09-06T07:26:28.977+0000] {dag.py:3089} INFO - Sync 1 DAGs
[2025-09-06T07:26:29.170+0000] {logging_mixin.py:188} INFO - [2025-09-06T07:26:29.169+0000] {dag.py:3947} INFO - Setting next_dagrun for mlops_w8_pipeline to 2025-09-05 00:00:00+00:00, run_after=2025-09-06 00:00:00+00:00
[2025-09-06T07:26:29.188+0000] {processor.py:183} INFO - Processing /opt/airflow/dags/ml_pipeline_dag.py took 0.269 seconds
[2025-09-06T07:26:59.317+0000] {processor.py:161} INFO - Started process (PID=175) to work on /opt/airflow/dags/ml_pipeline_dag.py
[2025-09-06T07:26:59.318+0000] {processor.py:830} INFO - Processing file /opt/airflow/dags/ml_pipeline_dag.py for tasks to queue
[2025-09-06T07:26:59.320+0000] {logging_mixin.py:188} INFO - [2025-09-06T07:26:59.320+0000] {dagbag.py:545} INFO - Filling up the DagBag from /opt/airflow/dags/ml_pipeline_dag.py
[2025-09-06T07:26:59.333+0000] {processor.py:840} INFO - DAG(s) 'mlops_w8_pipeline' retrieved from /opt/airflow/dags/ml_pipeline_dag.py
[2025-09-06T07:26:59.371+0000] {logging_mixin.py:188} INFO - [2025-09-06T07:26:59.370+0000] {dag.py:3089} INFO - Sync 1 DAGs
[2025-09-06T07:26:59.567+0000] {logging_mixin.py:188} INFO - [2025-09-06T07:26:59.567+0000] {dag.py:3947} INFO - Setting next_dagrun for mlops_w8_pipeline to 2025-09-05 00:00:00+00:00, run_after=2025-09-06 00:00:00+00:00
[2025-09-06T07:26:59.583+0000] {processor.py:183} INFO - Processing /opt/airflow/dags/ml_pipeline_dag.py took 0.272 seconds
[2025-09-06T07:27:29.711+0000] {processor.py:161} INFO - Started process (PID=180) to work on /opt/airflow/dags/ml_pipeline_dag.py
[2025-09-06T07:27:29.712+0000] {processor.py:830} INFO - Processing file /opt/airflow/dags/ml_pipeline_dag.py for tasks to queue
[2025-09-06T07:27:29.714+0000] {logging_mixin.py:188} INFO - [2025-09-06T07:27:29.714+0000] {dagbag.py:545} INFO - Filling up the DagBag from /opt/airflow/dags/ml_pipeline_dag.py
[2025-09-06T07:27:29.727+0000] {processor.py:840} INFO - DAG(s) 'mlops_w8_pipeline' retrieved from /opt/airflow/dags/ml_pipeline_dag.py
[2025-09-06T07:27:29.929+0000] {logging_mixin.py:188} INFO - [2025-09-06T07:27:29.929+0000] {dag.py:3089} INFO - Sync 1 DAGs
[2025-09-06T07:27:29.948+0000] {logging_mixin.py:188} INFO - [2025-09-06T07:27:29.948+0000] {dag.py:3947} INFO - Setting next_dagrun for mlops_w8_pipeline to 2025-09-05 00:00:00+00:00, run_after=2025-09-06 00:00:00+00:00
[2025-09-06T07:27:29.965+0000] {processor.py:183} INFO - Processing /opt/airflow/dags/ml_pipeline_dag.py took 0.261 seconds
[2025-09-06T07:28:00.102+0000] {processor.py:161} INFO - Started process (PID=185) to work on /opt/airflow/dags/ml_pipeline_dag.py
[2025-09-06T07:28:00.103+0000] {processor.py:830} INFO - Processing file /opt/airflow/dags/ml_pipeline_dag.py for tasks to queue
[2025-09-06T07:28:00.105+0000] {logging_mixin.py:188} INFO - [2025-09-06T07:28:00.104+0000] {dagbag.py:545} INFO - Filling up the DagBag from /opt/airflow/dags/ml_pipeline_dag.py
[2025-09-06T07:28:00.298+0000] {processor.py:840} INFO - DAG(s) 'mlops_w8_pipeline' retrieved from /opt/airflow/dags/ml_pipeline_dag.py
[2025-09-06T07:28:00.329+0000] {logging_mixin.py:188} INFO - [2025-09-06T07:28:00.328+0000] {dag.py:3089} INFO - Sync 1 DAGs
[2025-09-06T07:28:00.349+0000] {logging_mixin.py:188} INFO - [2025-09-06T07:28:00.348+0000] {dag.py:3947} INFO - Setting next_dagrun for mlops_w8_pipeline to 2025-09-05 00:00:00+00:00, run_after=2025-09-06 00:00:00+00:00
[2025-09-06T07:28:00.367+0000] {processor.py:183} INFO - Processing /opt/airflow/dags/ml_pipeline_dag.py took 0.273 seconds
[2025-09-06T07:28:30.491+0000] {processor.py:161} INFO - Started process (PID=190) to work on /opt/airflow/dags/ml_pipeline_dag.py
[2025-09-06T07:28:30.492+0000] {processor.py:830} INFO - Processing file /opt/airflow/dags/ml_pipeline_dag.py for tasks to queue
[2025-09-06T07:28:30.494+0000] {logging_mixin.py:188} INFO - [2025-09-06T07:28:30.494+0000] {dagbag.py:545} INFO - Filling up the DagBag from /opt/airflow/dags/ml_pipeline_dag.py
[2025-09-06T07:28:30.508+0000] {processor.py:840} INFO - DAG(s) 'mlops_w8_pipeline' retrieved from /opt/airflow/dags/ml_pipeline_dag.py
[2025-09-06T07:28:30.545+0000] {logging_mixin.py:188} INFO - [2025-09-06T07:28:30.545+0000] {dag.py:3089} INFO - Sync 1 DAGs
[2025-09-06T07:28:30.568+0000] {logging_mixin.py:188} INFO - [2025-09-06T07:28:30.568+0000] {dag.py:3947} INFO - Setting next_dagrun for mlops_w8_pipeline to 2025-09-05 00:00:00+00:00, run_after=2025-09-06 00:00:00+00:00
[2025-09-06T07:28:30.588+0000] {processor.py:183} INFO - Processing /opt/airflow/dags/ml_pipeline_dag.py took 0.104 seconds
[2025-09-06T07:29:00.706+0000] {processor.py:161} INFO - Started process (PID=195) to work on /opt/airflow/dags/ml_pipeline_dag.py
[2025-09-06T07:29:00.707+0000] {processor.py:830} INFO - Processing file /opt/airflow/dags/ml_pipeline_dag.py for tasks to queue
[2025-09-06T07:29:00.710+0000] {logging_mixin.py:188} INFO - [2025-09-06T07:29:00.709+0000] {dagbag.py:545} INFO - Filling up the DagBag from /opt/airflow/dags/ml_pipeline_dag.py
[2025-09-06T07:29:00.724+0000] {processor.py:840} INFO - DAG(s) 'mlops_w8_pipeline' retrieved from /opt/airflow/dags/ml_pipeline_dag.py
[2025-09-06T07:29:00.761+0000] {logging_mixin.py:188} INFO - [2025-09-06T07:29:00.761+0000] {dag.py:3089} INFO - Sync 1 DAGs
[2025-09-06T07:29:00.785+0000] {logging_mixin.py:188} INFO - [2025-09-06T07:29:00.785+0000] {dag.py:3947} INFO - Setting next_dagrun for mlops_w8_pipeline to 2025-09-05 00:00:00+00:00, run_after=2025-09-06 00:00:00+00:00
[2025-09-06T07:29:00.804+0000] {processor.py:183} INFO - Processing /opt/airflow/dags/ml_pipeline_dag.py took 0.107 seconds
[2025-09-06T07:29:30.921+0000] {processor.py:161} INFO - Started process (PID=200) to work on /opt/airflow/dags/ml_pipeline_dag.py
[2025-09-06T07:29:30.922+0000] {processor.py:830} INFO - Processing file /opt/airflow/dags/ml_pipeline_dag.py for tasks to queue
[2025-09-06T07:29:30.924+0000] {logging_mixin.py:188} INFO - [2025-09-06T07:29:30.924+0000] {dagbag.py:545} INFO - Filling up the DagBag from /opt/airflow/dags/ml_pipeline_dag.py
[2025-09-06T07:29:30.937+0000] {processor.py:840} INFO - DAG(s) 'mlops_w8_pipeline' retrieved from /opt/airflow/dags/ml_pipeline_dag.py
[2025-09-06T07:29:30.975+0000] {logging_mixin.py:188} INFO - [2025-09-06T07:29:30.974+0000] {dag.py:3089} INFO - Sync 1 DAGs
[2025-09-06T07:29:30.999+0000] {logging_mixin.py:188} INFO - [2025-09-06T07:29:30.998+0000] {dag.py:3947} INFO - Setting next_dagrun for mlops_w8_pipeline to 2025-09-05 00:00:00+00:00, run_after=2025-09-06 00:00:00+00:00
[2025-09-06T07:29:31.018+0000] {processor.py:183} INFO - Processing /opt/airflow/dags/ml_pipeline_dag.py took 0.106 seconds
[2025-09-06T07:30:01.146+0000] {processor.py:161} INFO - Started process (PID=205) to work on /opt/airflow/dags/ml_pipeline_dag.py
[2025-09-06T07:30:01.147+0000] {processor.py:830} INFO - Processing file /opt/airflow/dags/ml_pipeline_dag.py for tasks to queue
[2025-09-06T07:30:01.149+0000] {logging_mixin.py:188} INFO - [2025-09-06T07:30:01.148+0000] {dagbag.py:545} INFO - Filling up the DagBag from /opt/airflow/dags/ml_pipeline_dag.py
[2025-09-06T07:30:01.163+0000] {processor.py:840} INFO - DAG(s) 'mlops_w8_pipeline' retrieved from /opt/airflow/dags/ml_pipeline_dag.py
[2025-09-06T07:30:01.203+0000] {logging_mixin.py:188} INFO - [2025-09-06T07:30:01.203+0000] {dag.py:3089} INFO - Sync 1 DAGs
[2025-09-06T07:30:01.246+0000] {processor.py:183} INFO - Processing /opt/airflow/dags/ml_pipeline_dag.py took 0.108 seconds
[2025-09-06T07:30:31.372+0000] {processor.py:161} INFO - Started process (PID=210) to work on /opt/airflow/dags/ml_pipeline_dag.py
[2025-09-06T07:30:31.373+0000] {processor.py:830} INFO - Processing file /opt/airflow/dags/ml_pipeline_dag.py for tasks to queue
[2025-09-06T07:30:31.375+0000] {logging_mixin.py:188} INFO - [2025-09-06T07:30:31.375+0000] {dagbag.py:545} INFO - Filling up the DagBag from /opt/airflow/dags/ml_pipeline_dag.py
[2025-09-06T07:30:31.391+0000] {processor.py:840} INFO - DAG(s) 'mlops_w8_pipeline' retrieved from /opt/airflow/dags/ml_pipeline_dag.py
[2025-09-06T07:30:31.439+0000] {logging_mixin.py:188} INFO - [2025-09-06T07:30:31.439+0000] {dag.py:3089} INFO - Sync 1 DAGs
[2025-09-06T07:30:31.484+0000] {processor.py:183} INFO - Processing /opt/airflow/dags/ml_pipeline_dag.py took 0.130 seconds
[2025-09-06T07:31:01.604+0000] {processor.py:161} INFO - Started process (PID=215) to work on /opt/airflow/dags/ml_pipeline_dag.py
[2025-09-06T07:31:01.605+0000] {processor.py:830} INFO - Processing file /opt/airflow/dags/ml_pipeline_dag.py for tasks to queue
[2025-09-06T07:31:01.607+0000] {logging_mixin.py:188} INFO - [2025-09-06T07:31:01.607+0000] {dagbag.py:545} INFO - Filling up the DagBag from /opt/airflow/dags/ml_pipeline_dag.py
[2025-09-06T07:31:01.622+0000] {processor.py:840} INFO - DAG(s) 'mlops_w8_pipeline' retrieved from /opt/airflow/dags/ml_pipeline_dag.py
[2025-09-06T07:31:01.661+0000] {logging_mixin.py:188} INFO - [2025-09-06T07:31:01.660+0000] {dag.py:3089} INFO - Sync 1 DAGs
[2025-09-06T07:31:01.705+0000] {processor.py:183} INFO - Processing /opt/airflow/dags/ml_pipeline_dag.py took 0.109 seconds
[2025-09-06T07:31:32.377+0000] {processor.py:161} INFO - Started process (PID=224) to work on /opt/airflow/dags/ml_pipeline_dag.py
[2025-09-06T07:31:32.379+0000] {processor.py:830} INFO - Processing file /opt/airflow/dags/ml_pipeline_dag.py for tasks to queue
[2025-09-06T07:31:32.381+0000] {logging_mixin.py:188} INFO - [2025-09-06T07:31:32.380+0000] {dagbag.py:545} INFO - Filling up the DagBag from /opt/airflow/dags/ml_pipeline_dag.py
[2025-09-06T07:31:32.395+0000] {processor.py:840} INFO - DAG(s) 'mlops_w8_pipeline' retrieved from /opt/airflow/dags/ml_pipeline_dag.py
[2025-09-06T07:31:32.396+0000] {logging_mixin.py:188} INFO - [2025-09-06T07:31:32.395+0000] {dagbag.py:545} INFO - Filling up the DagBag from /opt/airflow/dags/ml_pipeline_dag.py
[2025-09-06T07:31:32.422+0000] {logging_mixin.py:188} INFO - [2025-09-06T07:31:32.421+0000] {processor.py:431} INFO - Running SLA Checks for mlops_w8_pipeline
[2025-09-06T07:31:32.470+0000] {logging_mixin.py:188} INFO - [2025-09-06T07:31:32.470+0000] {dag.py:3089} INFO - Sync 1 DAGs
[2025-09-06T07:31:32.505+0000] {processor.py:183} INFO - Processing /opt/airflow/dags/ml_pipeline_dag.py took 0.136 seconds
[2025-09-06T07:32:02.661+0000] {processor.py:161} INFO - Started process (PID=229) to work on /opt/airflow/dags/ml_pipeline_dag.py
[2025-09-06T07:32:02.662+0000] {processor.py:830} INFO - Processing file /opt/airflow/dags/ml_pipeline_dag.py for tasks to queue
[2025-09-06T07:32:02.664+0000] {logging_mixin.py:188} INFO - [2025-09-06T07:32:02.664+0000] {dagbag.py:545} INFO - Filling up the DagBag from /opt/airflow/dags/ml_pipeline_dag.py
[2025-09-06T07:32:02.677+0000] {processor.py:840} INFO - DAG(s) 'mlops_w8_pipeline' retrieved from /opt/airflow/dags/ml_pipeline_dag.py
[2025-09-06T07:32:02.678+0000] {logging_mixin.py:188} INFO - [2025-09-06T07:32:02.678+0000] {dagbag.py:545} INFO - Filling up the DagBag from /opt/airflow/dags/ml_pipeline_dag.py
[2025-09-06T07:32:02.705+0000] {logging_mixin.py:188} INFO - [2025-09-06T07:32:02.704+0000] {processor.py:431} INFO - Running SLA Checks for mlops_w8_pipeline
[2025-09-06T07:32:02.760+0000] {logging_mixin.py:188} INFO - [2025-09-06T07:32:02.760+0000] {dag.py:3089} INFO - Sync 1 DAGs
[2025-09-06T07:32:02.793+0000] {processor.py:183} INFO - Processing /opt/airflow/dags/ml_pipeline_dag.py took 0.140 seconds
[2025-09-06T07:32:33.057+0000] {processor.py:161} INFO - Started process (PID=236) to work on /opt/airflow/dags/ml_pipeline_dag.py
[2025-09-06T07:32:33.059+0000] {processor.py:830} INFO - Processing file /opt/airflow/dags/ml_pipeline_dag.py for tasks to queue
[2025-09-06T07:32:33.061+0000] {logging_mixin.py:188} INFO - [2025-09-06T07:32:33.061+0000] {dagbag.py:545} INFO - Filling up the DagBag from /opt/airflow/dags/ml_pipeline_dag.py
[2025-09-06T07:32:33.077+0000] {processor.py:840} INFO - DAG(s) 'mlops_w8_pipeline' retrieved from /opt/airflow/dags/ml_pipeline_dag.py
[2025-09-06T07:32:33.078+0000] {logging_mixin.py:188} INFO - [2025-09-06T07:32:33.078+0000] {dagbag.py:545} INFO - Filling up the DagBag from /opt/airflow/dags/ml_pipeline_dag.py
[2025-09-06T07:32:33.103+0000] {logging_mixin.py:188} INFO - [2025-09-06T07:32:33.102+0000] {processor.py:431} INFO - Running SLA Checks for mlops_w8_pipeline
[2025-09-06T07:32:33.152+0000] {logging_mixin.py:188} INFO - [2025-09-06T07:32:33.152+0000] {dag.py:3089} INFO - Sync 1 DAGs
[2025-09-06T07:32:33.169+0000] {logging_mixin.py:188} INFO - [2025-09-06T07:32:33.169+0000] {dag.py:3947} INFO - Setting next_dagrun for mlops_w8_pipeline to 2025-09-05 00:00:00+00:00, run_after=2025-09-06 00:00:00+00:00
[2025-09-06T07:32:33.190+0000] {processor.py:183} INFO - Processing /opt/airflow/dags/ml_pipeline_dag.py took 0.140 seconds
[2025-09-06T07:33:03.238+0000] {processor.py:161} INFO - Started process (PID=245) to work on /opt/airflow/dags/ml_pipeline_dag.py
[2025-09-06T07:33:03.239+0000] {processor.py:830} INFO - Processing file /opt/airflow/dags/ml_pipeline_dag.py for tasks to queue
[2025-09-06T07:33:03.241+0000] {logging_mixin.py:188} INFO - [2025-09-06T07:33:03.240+0000] {dagbag.py:545} INFO - Filling up the DagBag from /opt/airflow/dags/ml_pipeline_dag.py
[2025-09-06T07:33:03.259+0000] {processor.py:840} INFO - DAG(s) 'mlops_w8_pipeline' retrieved from /opt/airflow/dags/ml_pipeline_dag.py
[2025-09-06T07:33:03.259+0000] {logging_mixin.py:188} INFO - [2025-09-06T07:33:03.259+0000] {dagbag.py:545} INFO - Filling up the DagBag from /opt/airflow/dags/ml_pipeline_dag.py
[2025-09-06T07:33:03.285+0000] {logging_mixin.py:188} INFO - [2025-09-06T07:33:03.285+0000] {processor.py:431} INFO - Running SLA Checks for mlops_w8_pipeline
[2025-09-06T07:33:03.335+0000] {logging_mixin.py:188} INFO - [2025-09-06T07:33:03.335+0000] {dag.py:3089} INFO - Sync 1 DAGs
[2025-09-06T07:33:03.370+0000] {processor.py:183} INFO - Processing /opt/airflow/dags/ml_pipeline_dag.py took 0.141 seconds
[2025-09-06T07:33:33.465+0000] {processor.py:161} INFO - Started process (PID=250) to work on /opt/airflow/dags/ml_pipeline_dag.py
[2025-09-06T07:33:33.466+0000] {processor.py:830} INFO - Processing file /opt/airflow/dags/ml_pipeline_dag.py for tasks to queue
[2025-09-06T07:33:33.468+0000] {logging_mixin.py:188} INFO - [2025-09-06T07:33:33.468+0000] {dagbag.py:545} INFO - Filling up the DagBag from /opt/airflow/dags/ml_pipeline_dag.py
[2025-09-06T07:33:33.483+0000] {processor.py:840} INFO - DAG(s) 'mlops_w8_pipeline' retrieved from /opt/airflow/dags/ml_pipeline_dag.py
[2025-09-06T07:33:33.483+0000] {logging_mixin.py:188} INFO - [2025-09-06T07:33:33.483+0000] {dagbag.py:545} INFO - Filling up the DagBag from /opt/airflow/dags/ml_pipeline_dag.py
[2025-09-06T07:33:33.508+0000] {logging_mixin.py:188} INFO - [2025-09-06T07:33:33.508+0000] {processor.py:431} INFO - Running SLA Checks for mlops_w8_pipeline
[2025-09-06T07:33:33.556+0000] {logging_mixin.py:188} INFO - [2025-09-06T07:33:33.556+0000] {dag.py:3089} INFO - Sync 1 DAGs
[2025-09-06T07:33:33.591+0000] {processor.py:183} INFO - Processing /opt/airflow/dags/ml_pipeline_dag.py took 0.133 seconds
[2025-09-06T07:34:03.681+0000] {processor.py:161} INFO - Started process (PID=257) to work on /opt/airflow/dags/ml_pipeline_dag.py
[2025-09-06T07:34:03.682+0000] {processor.py:830} INFO - Processing file /opt/airflow/dags/ml_pipeline_dag.py for tasks to queue
[2025-09-06T07:34:03.684+0000] {logging_mixin.py:188} INFO - [2025-09-06T07:34:03.683+0000] {dagbag.py:545} INFO - Filling up the DagBag from /opt/airflow/dags/ml_pipeline_dag.py
[2025-09-06T07:34:03.697+0000] {processor.py:840} INFO - DAG(s) 'mlops_w8_pipeline' retrieved from /opt/airflow/dags/ml_pipeline_dag.py
[2025-09-06T07:34:03.698+0000] {logging_mixin.py:188} INFO - [2025-09-06T07:34:03.698+0000] {dagbag.py:545} INFO - Filling up the DagBag from /opt/airflow/dags/ml_pipeline_dag.py
[2025-09-06T07:34:03.721+0000] {logging_mixin.py:188} INFO - [2025-09-06T07:34:03.721+0000] {processor.py:431} INFO - Running SLA Checks for mlops_w8_pipeline
[2025-09-06T07:34:03.769+0000] {logging_mixin.py:188} INFO - [2025-09-06T07:34:03.769+0000] {dag.py:3089} INFO - Sync 1 DAGs
[2025-09-06T07:34:03.786+0000] {logging_mixin.py:188} INFO - [2025-09-06T07:34:03.786+0000] {dag.py:3947} INFO - Setting next_dagrun for mlops_w8_pipeline to 2025-09-06 00:00:00+00:00, run_after=2025-09-07 00:00:00+00:00
[2025-09-06T07:34:03.804+0000] {processor.py:183} INFO - Processing /opt/airflow/dags/ml_pipeline_dag.py took 0.131 seconds
[2025-09-06T07:34:33.923+0000] {processor.py:161} INFO - Started process (PID=262) to work on /opt/airflow/dags/ml_pipeline_dag.py
[2025-09-06T07:34:33.925+0000] {processor.py:830} INFO - Processing file /opt/airflow/dags/ml_pipeline_dag.py for tasks to queue
[2025-09-06T07:34:33.927+0000] {logging_mixin.py:188} INFO - [2025-09-06T07:34:33.927+0000] {dagbag.py:545} INFO - Filling up the DagBag from /opt/airflow/dags/ml_pipeline_dag.py
[2025-09-06T07:34:33.940+0000] {processor.py:840} INFO - DAG(s) 'mlops_w8_pipeline' retrieved from /opt/airflow/dags/ml_pipeline_dag.py
[2025-09-06T07:34:33.978+0000] {logging_mixin.py:188} INFO - [2025-09-06T07:34:33.977+0000] {dag.py:3089} INFO - Sync 1 DAGs
[2025-09-06T07:34:34.003+0000] {logging_mixin.py:188} INFO - [2025-09-06T07:34:34.002+0000] {dag.py:3947} INFO - Setting next_dagrun for mlops_w8_pipeline to 2025-09-06 00:00:00+00:00, run_after=2025-09-07 00:00:00+00:00
[2025-09-06T07:34:34.021+0000] {processor.py:183} INFO - Processing /opt/airflow/dags/ml_pipeline_dag.py took 0.105 seconds
[2025-09-06T07:35:04.142+0000] {processor.py:161} INFO - Started process (PID=267) to work on /opt/airflow/dags/ml_pipeline_dag.py
[2025-09-06T07:35:04.143+0000] {processor.py:830} INFO - Processing file /opt/airflow/dags/ml_pipeline_dag.py for tasks to queue
[2025-09-06T07:35:04.145+0000] {logging_mixin.py:188} INFO - [2025-09-06T07:35:04.144+0000] {dagbag.py:545} INFO - Filling up the DagBag from /opt/airflow/dags/ml_pipeline_dag.py
[2025-09-06T07:35:04.161+0000] {processor.py:840} INFO - DAG(s) 'mlops_w8_pipeline' retrieved from /opt/airflow/dags/ml_pipeline_dag.py
[2025-09-06T07:35:04.200+0000] {logging_mixin.py:188} INFO - [2025-09-06T07:35:04.200+0000] {dag.py:3089} INFO - Sync 1 DAGs
[2025-09-06T07:35:04.225+0000] {logging_mixin.py:188} INFO - [2025-09-06T07:35:04.224+0000] {dag.py:3947} INFO - Setting next_dagrun for mlops_w8_pipeline to 2025-09-06 00:00:00+00:00, run_after=2025-09-07 00:00:00+00:00
[2025-09-06T07:35:04.245+0000] {processor.py:183} INFO - Processing /opt/airflow/dags/ml_pipeline_dag.py took 0.112 seconds
[2025-09-06T07:35:34.370+0000] {processor.py:161} INFO - Started process (PID=272) to work on /opt/airflow/dags/ml_pipeline_dag.py
[2025-09-06T07:35:34.371+0000] {processor.py:830} INFO - Processing file /opt/airflow/dags/ml_pipeline_dag.py for tasks to queue
[2025-09-06T07:35:34.373+0000] {logging_mixin.py:188} INFO - [2025-09-06T07:35:34.373+0000] {dagbag.py:545} INFO - Filling up the DagBag from /opt/airflow/dags/ml_pipeline_dag.py
[2025-09-06T07:35:34.387+0000] {processor.py:840} INFO - DAG(s) 'mlops_w8_pipeline' retrieved from /opt/airflow/dags/ml_pipeline_dag.py
[2025-09-06T07:35:34.424+0000] {logging_mixin.py:188} INFO - [2025-09-06T07:35:34.423+0000] {dag.py:3089} INFO - Sync 1 DAGs
[2025-09-06T07:35:34.448+0000] {logging_mixin.py:188} INFO - [2025-09-06T07:35:34.448+0000] {dag.py:3947} INFO - Setting next_dagrun for mlops_w8_pipeline to 2025-09-06 00:00:00+00:00, run_after=2025-09-07 00:00:00+00:00
[2025-09-06T07:35:34.465+0000] {processor.py:183} INFO - Processing /opt/airflow/dags/ml_pipeline_dag.py took 0.103 seconds
[2025-09-06T07:36:04.577+0000] {processor.py:161} INFO - Started process (PID=277) to work on /opt/airflow/dags/ml_pipeline_dag.py
[2025-09-06T07:36:04.578+0000] {processor.py:830} INFO - Processing file /opt/airflow/dags/ml_pipeline_dag.py for tasks to queue
[2025-09-06T07:36:04.580+0000] {logging_mixin.py:188} INFO - [2025-09-06T07:36:04.579+0000] {dagbag.py:545} INFO - Filling up the DagBag from /opt/airflow/dags/ml_pipeline_dag.py
[2025-09-06T07:36:04.593+0000] {processor.py:840} INFO - DAG(s) 'mlops_w8_pipeline' retrieved from /opt/airflow/dags/ml_pipeline_dag.py
[2025-09-06T07:36:04.633+0000] {logging_mixin.py:188} INFO - [2025-09-06T07:36:04.633+0000] {dag.py:3089} INFO - Sync 1 DAGs
[2025-09-06T07:36:04.657+0000] {logging_mixin.py:188} INFO - [2025-09-06T07:36:04.657+0000] {dag.py:3947} INFO - Setting next_dagrun for mlops_w8_pipeline to 2025-09-06 00:00:00+00:00, run_after=2025-09-07 00:00:00+00:00
[2025-09-06T07:36:04.676+0000] {processor.py:183} INFO - Processing /opt/airflow/dags/ml_pipeline_dag.py took 0.107 seconds
[2025-09-06T07:36:34.794+0000] {processor.py:161} INFO - Started process (PID=282) to work on /opt/airflow/dags/ml_pipeline_dag.py
[2025-09-06T07:36:34.796+0000] {processor.py:830} INFO - Processing file /opt/airflow/dags/ml_pipeline_dag.py for tasks to queue
[2025-09-06T07:36:34.798+0000] {logging_mixin.py:188} INFO - [2025-09-06T07:36:34.797+0000] {dagbag.py:545} INFO - Filling up the DagBag from /opt/airflow/dags/ml_pipeline_dag.py
[2025-09-06T07:36:34.812+0000] {processor.py:840} INFO - DAG(s) 'mlops_w8_pipeline' retrieved from /opt/airflow/dags/ml_pipeline_dag.py
[2025-09-06T07:36:34.850+0000] {logging_mixin.py:188} INFO - [2025-09-06T07:36:34.850+0000] {dag.py:3089} INFO - Sync 1 DAGs
[2025-09-06T07:36:34.873+0000] {logging_mixin.py:188} INFO - [2025-09-06T07:36:34.873+0000] {dag.py:3947} INFO - Setting next_dagrun for mlops_w8_pipeline to 2025-09-06 00:00:00+00:00, run_after=2025-09-07 00:00:00+00:00
[2025-09-06T07:36:34.892+0000] {processor.py:183} INFO - Processing /opt/airflow/dags/ml_pipeline_dag.py took 0.106 seconds
[2025-09-06T07:37:05.028+0000] {processor.py:161} INFO - Started process (PID=287) to work on /opt/airflow/dags/ml_pipeline_dag.py
[2025-09-06T07:37:05.028+0000] {processor.py:830} INFO - Processing file /opt/airflow/dags/ml_pipeline_dag.py for tasks to queue
[2025-09-06T07:37:05.030+0000] {logging_mixin.py:188} INFO - [2025-09-06T07:37:05.030+0000] {dagbag.py:545} INFO - Filling up the DagBag from /opt/airflow/dags/ml_pipeline_dag.py
[2025-09-06T07:37:05.044+0000] {processor.py:840} INFO - DAG(s) 'mlops_w8_pipeline' retrieved from /opt/airflow/dags/ml_pipeline_dag.py
[2025-09-06T07:37:05.082+0000] {logging_mixin.py:188} INFO - [2025-09-06T07:37:05.082+0000] {dag.py:3089} INFO - Sync 1 DAGs
[2025-09-06T07:37:05.108+0000] {logging_mixin.py:188} INFO - [2025-09-06T07:37:05.108+0000] {dag.py:3947} INFO - Setting next_dagrun for mlops_w8_pipeline to 2025-09-06 00:00:00+00:00, run_after=2025-09-07 00:00:00+00:00
[2025-09-06T07:37:05.128+0000] {processor.py:183} INFO - Processing /opt/airflow/dags/ml_pipeline_dag.py took 0.108 seconds
[2025-09-06T07:37:35.242+0000] {processor.py:161} INFO - Started process (PID=292) to work on /opt/airflow/dags/ml_pipeline_dag.py
[2025-09-06T07:37:35.244+0000] {processor.py:830} INFO - Processing file /opt/airflow/dags/ml_pipeline_dag.py for tasks to queue
[2025-09-06T07:37:35.245+0000] {logging_mixin.py:188} INFO - [2025-09-06T07:37:35.245+0000] {dagbag.py:545} INFO - Filling up the DagBag from /opt/airflow/dags/ml_pipeline_dag.py
[2025-09-06T07:37:35.259+0000] {processor.py:840} INFO - DAG(s) 'mlops_w8_pipeline' retrieved from /opt/airflow/dags/ml_pipeline_dag.py
[2025-09-06T07:37:35.297+0000] {logging_mixin.py:188} INFO - [2025-09-06T07:37:35.296+0000] {dag.py:3089} INFO - Sync 1 DAGs
[2025-09-06T07:37:35.322+0000] {logging_mixin.py:188} INFO - [2025-09-06T07:37:35.321+0000] {dag.py:3947} INFO - Setting next_dagrun for mlops_w8_pipeline to 2025-09-06 00:00:00+00:00, run_after=2025-09-07 00:00:00+00:00
[2025-09-06T07:37:35.340+0000] {processor.py:183} INFO - Processing /opt/airflow/dags/ml_pipeline_dag.py took 0.105 seconds
[2025-09-06T07:38:05.457+0000] {processor.py:161} INFO - Started process (PID=297) to work on /opt/airflow/dags/ml_pipeline_dag.py
[2025-09-06T07:38:05.458+0000] {processor.py:830} INFO - Processing file /opt/airflow/dags/ml_pipeline_dag.py for tasks to queue
[2025-09-06T07:38:05.460+0000] {logging_mixin.py:188} INFO - [2025-09-06T07:38:05.460+0000] {dagbag.py:545} INFO - Filling up the DagBag from /opt/airflow/dags/ml_pipeline_dag.py
[2025-09-06T07:38:05.474+0000] {processor.py:840} INFO - DAG(s) 'mlops_w8_pipeline' retrieved from /opt/airflow/dags/ml_pipeline_dag.py
[2025-09-06T07:38:05.512+0000] {logging_mixin.py:188} INFO - [2025-09-06T07:38:05.512+0000] {dag.py:3089} INFO - Sync 1 DAGs
[2025-09-06T07:38:05.537+0000] {logging_mixin.py:188} INFO - [2025-09-06T07:38:05.537+0000] {dag.py:3947} INFO - Setting next_dagrun for mlops_w8_pipeline to 2025-09-06 00:00:00+00:00, run_after=2025-09-07 00:00:00+00:00
[2025-09-06T07:38:05.557+0000] {processor.py:183} INFO - Processing /opt/airflow/dags/ml_pipeline_dag.py took 0.107 seconds
[2025-09-06T07:38:35.673+0000] {processor.py:161} INFO - Started process (PID=302) to work on /opt/airflow/dags/ml_pipeline_dag.py
[2025-09-06T07:38:35.675+0000] {processor.py:830} INFO - Processing file /opt/airflow/dags/ml_pipeline_dag.py for tasks to queue
[2025-09-06T07:38:35.677+0000] {logging_mixin.py:188} INFO - [2025-09-06T07:38:35.676+0000] {dagbag.py:545} INFO - Filling up the DagBag from /opt/airflow/dags/ml_pipeline_dag.py
[2025-09-06T07:38:35.690+0000] {processor.py:840} INFO - DAG(s) 'mlops_w8_pipeline' retrieved from /opt/airflow/dags/ml_pipeline_dag.py
[2025-09-06T07:38:35.729+0000] {logging_mixin.py:188} INFO - [2025-09-06T07:38:35.729+0000] {dag.py:3089} INFO - Sync 1 DAGs
[2025-09-06T07:38:35.753+0000] {logging_mixin.py:188} INFO - [2025-09-06T07:38:35.752+0000] {dag.py:3947} INFO - Setting next_dagrun for mlops_w8_pipeline to 2025-09-06 00:00:00+00:00, run_after=2025-09-07 00:00:00+00:00
[2025-09-06T07:38:35.771+0000] {processor.py:183} INFO - Processing /opt/airflow/dags/ml_pipeline_dag.py took 0.105 seconds
[2025-09-06T07:39:05.889+0000] {processor.py:161} INFO - Started process (PID=307) to work on /opt/airflow/dags/ml_pipeline_dag.py
[2025-09-06T07:39:05.890+0000] {processor.py:830} INFO - Processing file /opt/airflow/dags/ml_pipeline_dag.py for tasks to queue
[2025-09-06T07:39:05.892+0000] {logging_mixin.py:188} INFO - [2025-09-06T07:39:05.891+0000] {dagbag.py:545} INFO - Filling up the DagBag from /opt/airflow/dags/ml_pipeline_dag.py
[2025-09-06T07:39:05.905+0000] {processor.py:840} INFO - DAG(s) 'mlops_w8_pipeline' retrieved from /opt/airflow/dags/ml_pipeline_dag.py
[2025-09-06T07:39:05.945+0000] {logging_mixin.py:188} INFO - [2025-09-06T07:39:05.945+0000] {dag.py:3089} INFO - Sync 1 DAGs
[2025-09-06T07:39:05.970+0000] {logging_mixin.py:188} INFO - [2025-09-06T07:39:05.970+0000] {dag.py:3947} INFO - Setting next_dagrun for mlops_w8_pipeline to 2025-09-06 00:00:00+00:00, run_after=2025-09-07 00:00:00+00:00
[2025-09-06T07:39:05.991+0000] {processor.py:183} INFO - Processing /opt/airflow/dags/ml_pipeline_dag.py took 0.110 seconds
[2025-09-06T07:39:36.111+0000] {processor.py:161} INFO - Started process (PID=312) to work on /opt/airflow/dags/ml_pipeline_dag.py
[2025-09-06T07:39:36.112+0000] {processor.py:830} INFO - Processing file /opt/airflow/dags/ml_pipeline_dag.py for tasks to queue
[2025-09-06T07:39:36.114+0000] {logging_mixin.py:188} INFO - [2025-09-06T07:39:36.114+0000] {dagbag.py:545} INFO - Filling up the DagBag from /opt/airflow/dags/ml_pipeline_dag.py
[2025-09-06T07:39:36.128+0000] {processor.py:840} INFO - DAG(s) 'mlops_w8_pipeline' retrieved from /opt/airflow/dags/ml_pipeline_dag.py
[2025-09-06T07:39:36.165+0000] {logging_mixin.py:188} INFO - [2025-09-06T07:39:36.164+0000] {dag.py:3089} INFO - Sync 1 DAGs
[2025-09-06T07:39:36.188+0000] {logging_mixin.py:188} INFO - [2025-09-06T07:39:36.188+0000] {dag.py:3947} INFO - Setting next_dagrun for mlops_w8_pipeline to 2025-09-06 00:00:00+00:00, run_after=2025-09-07 00:00:00+00:00
[2025-09-06T07:39:36.206+0000] {processor.py:183} INFO - Processing /opt/airflow/dags/ml_pipeline_dag.py took 0.103 seconds
[2025-09-06T07:40:06.321+0000] {processor.py:161} INFO - Started process (PID=317) to work on /opt/airflow/dags/ml_pipeline_dag.py
[2025-09-06T07:40:06.322+0000] {processor.py:830} INFO - Processing file /opt/airflow/dags/ml_pipeline_dag.py for tasks to queue
[2025-09-06T07:40:06.324+0000] {logging_mixin.py:188} INFO - [2025-09-06T07:40:06.323+0000] {dagbag.py:545} INFO - Filling up the DagBag from /opt/airflow/dags/ml_pipeline_dag.py
[2025-09-06T07:40:06.337+0000] {processor.py:840} INFO - DAG(s) 'mlops_w8_pipeline' retrieved from /opt/airflow/dags/ml_pipeline_dag.py
[2025-09-06T07:40:06.374+0000] {logging_mixin.py:188} INFO - [2025-09-06T07:40:06.374+0000] {dag.py:3089} INFO - Sync 1 DAGs
[2025-09-06T07:40:06.398+0000] {logging_mixin.py:188} INFO - [2025-09-06T07:40:06.398+0000] {dag.py:3947} INFO - Setting next_dagrun for mlops_w8_pipeline to 2025-09-06 00:00:00+00:00, run_after=2025-09-07 00:00:00+00:00
[2025-09-06T07:40:06.417+0000] {processor.py:183} INFO - Processing /opt/airflow/dags/ml_pipeline_dag.py took 0.103 seconds
[2025-09-06T07:40:36.532+0000] {processor.py:161} INFO - Started process (PID=322) to work on /opt/airflow/dags/ml_pipeline_dag.py
[2025-09-06T07:40:36.533+0000] {processor.py:830} INFO - Processing file /opt/airflow/dags/ml_pipeline_dag.py for tasks to queue
[2025-09-06T07:40:36.535+0000] {logging_mixin.py:188} INFO - [2025-09-06T07:40:36.535+0000] {dagbag.py:545} INFO - Filling up the DagBag from /opt/airflow/dags/ml_pipeline_dag.py
[2025-09-06T07:40:36.548+0000] {processor.py:840} INFO - DAG(s) 'mlops_w8_pipeline' retrieved from /opt/airflow/dags/ml_pipeline_dag.py
[2025-09-06T07:40:36.585+0000] {logging_mixin.py:188} INFO - [2025-09-06T07:40:36.584+0000] {dag.py:3089} INFO - Sync 1 DAGs
[2025-09-06T07:40:36.609+0000] {logging_mixin.py:188} INFO - [2025-09-06T07:40:36.609+0000] {dag.py:3947} INFO - Setting next_dagrun for mlops_w8_pipeline to 2025-09-06 00:00:00+00:00, run_after=2025-09-07 00:00:00+00:00
[2025-09-06T07:40:36.627+0000] {processor.py:183} INFO - Processing /opt/airflow/dags/ml_pipeline_dag.py took 0.102 seconds
[2025-09-06T07:41:06.742+0000] {processor.py:161} INFO - Started process (PID=327) to work on /opt/airflow/dags/ml_pipeline_dag.py
[2025-09-06T07:41:06.742+0000] {processor.py:830} INFO - Processing file /opt/airflow/dags/ml_pipeline_dag.py for tasks to queue
[2025-09-06T07:41:06.744+0000] {logging_mixin.py:188} INFO - [2025-09-06T07:41:06.744+0000] {dagbag.py:545} INFO - Filling up the DagBag from /opt/airflow/dags/ml_pipeline_dag.py
[2025-09-06T07:41:06.758+0000] {processor.py:840} INFO - DAG(s) 'mlops_w8_pipeline' retrieved from /opt/airflow/dags/ml_pipeline_dag.py
[2025-09-06T07:41:06.795+0000] {logging_mixin.py:188} INFO - [2025-09-06T07:41:06.795+0000] {dag.py:3089} INFO - Sync 1 DAGs
[2025-09-06T07:41:06.819+0000] {logging_mixin.py:188} INFO - [2025-09-06T07:41:06.819+0000] {dag.py:3947} INFO - Setting next_dagrun for mlops_w8_pipeline to 2025-09-06 00:00:00+00:00, run_after=2025-09-07 00:00:00+00:00
[2025-09-06T07:41:06.838+0000] {processor.py:183} INFO - Processing /opt/airflow/dags/ml_pipeline_dag.py took 0.103 seconds
[2025-09-06T07:41:36.954+0000] {processor.py:161} INFO - Started process (PID=332) to work on /opt/airflow/dags/ml_pipeline_dag.py
[2025-09-06T07:41:36.956+0000] {processor.py:830} INFO - Processing file /opt/airflow/dags/ml_pipeline_dag.py for tasks to queue
[2025-09-06T07:41:36.958+0000] {logging_mixin.py:188} INFO - [2025-09-06T07:41:36.958+0000] {dagbag.py:545} INFO - Filling up the DagBag from /opt/airflow/dags/ml_pipeline_dag.py
[2025-09-06T07:41:36.972+0000] {processor.py:840} INFO - DAG(s) 'mlops_w8_pipeline' retrieved from /opt/airflow/dags/ml_pipeline_dag.py
[2025-09-06T07:41:37.007+0000] {logging_mixin.py:188} INFO - [2025-09-06T07:41:37.007+0000] {dag.py:3089} INFO - Sync 1 DAGs
[2025-09-06T07:41:37.030+0000] {logging_mixin.py:188} INFO - [2025-09-06T07:41:37.030+0000] {dag.py:3947} INFO - Setting next_dagrun for mlops_w8_pipeline to 2025-09-06 00:00:00+00:00, run_after=2025-09-07 00:00:00+00:00
[2025-09-06T07:41:37.048+0000] {processor.py:183} INFO - Processing /opt/airflow/dags/ml_pipeline_dag.py took 0.101 seconds
[2025-09-06T07:42:07.180+0000] {processor.py:161} INFO - Started process (PID=337) to work on /opt/airflow/dags/ml_pipeline_dag.py
[2025-09-06T07:42:07.181+0000] {processor.py:830} INFO - Processing file /opt/airflow/dags/ml_pipeline_dag.py for tasks to queue
[2025-09-06T07:42:07.183+0000] {logging_mixin.py:188} INFO - [2025-09-06T07:42:07.183+0000] {dagbag.py:545} INFO - Filling up the DagBag from /opt/airflow/dags/ml_pipeline_dag.py
[2025-09-06T07:42:07.196+0000] {processor.py:840} INFO - DAG(s) 'mlops_w8_pipeline' retrieved from /opt/airflow/dags/ml_pipeline_dag.py
[2025-09-06T07:42:07.233+0000] {logging_mixin.py:188} INFO - [2025-09-06T07:42:07.233+0000] {dag.py:3089} INFO - Sync 1 DAGs
[2025-09-06T07:42:07.256+0000] {logging_mixin.py:188} INFO - [2025-09-06T07:42:07.256+0000] {dag.py:3947} INFO - Setting next_dagrun for mlops_w8_pipeline to 2025-09-06 00:00:00+00:00, run_after=2025-09-07 00:00:00+00:00
[2025-09-06T07:42:07.273+0000] {processor.py:183} INFO - Processing /opt/airflow/dags/ml_pipeline_dag.py took 0.100 seconds
[2025-09-06T07:42:37.385+0000] {processor.py:161} INFO - Started process (PID=342) to work on /opt/airflow/dags/ml_pipeline_dag.py
[2025-09-06T07:42:37.387+0000] {processor.py:830} INFO - Processing file /opt/airflow/dags/ml_pipeline_dag.py for tasks to queue
[2025-09-06T07:42:37.389+0000] {logging_mixin.py:188} INFO - [2025-09-06T07:42:37.388+0000] {dagbag.py:545} INFO - Filling up the DagBag from /opt/airflow/dags/ml_pipeline_dag.py
[2025-09-06T07:42:37.402+0000] {processor.py:840} INFO - DAG(s) 'mlops_w8_pipeline' retrieved from /opt/airflow/dags/ml_pipeline_dag.py
[2025-09-06T07:42:37.438+0000] {logging_mixin.py:188} INFO - [2025-09-06T07:42:37.438+0000] {dag.py:3089} INFO - Sync 1 DAGs
[2025-09-06T07:42:37.461+0000] {logging_mixin.py:188} INFO - [2025-09-06T07:42:37.460+0000] {dag.py:3947} INFO - Setting next_dagrun for mlops_w8_pipeline to 2025-09-06 00:00:00+00:00, run_after=2025-09-07 00:00:00+00:00
[2025-09-06T07:42:37.480+0000] {processor.py:183} INFO - Processing /opt/airflow/dags/ml_pipeline_dag.py took 0.102 seconds
[2025-09-06T07:43:07.591+0000] {processor.py:161} INFO - Started process (PID=347) to work on /opt/airflow/dags/ml_pipeline_dag.py
[2025-09-06T07:43:07.592+0000] {processor.py:830} INFO - Processing file /opt/airflow/dags/ml_pipeline_dag.py for tasks to queue
[2025-09-06T07:43:07.594+0000] {logging_mixin.py:188} INFO - [2025-09-06T07:43:07.593+0000] {dagbag.py:545} INFO - Filling up the DagBag from /opt/airflow/dags/ml_pipeline_dag.py
[2025-09-06T07:43:07.607+0000] {processor.py:840} INFO - DAG(s) 'mlops_w8_pipeline' retrieved from /opt/airflow/dags/ml_pipeline_dag.py
[2025-09-06T07:43:07.649+0000] {logging_mixin.py:188} INFO - [2025-09-06T07:43:07.648+0000] {dag.py:3089} INFO - Sync 1 DAGs
[2025-09-06T07:43:07.674+0000] {logging_mixin.py:188} INFO - [2025-09-06T07:43:07.673+0000] {dag.py:3947} INFO - Setting next_dagrun for mlops_w8_pipeline to 2025-09-06 00:00:00+00:00, run_after=2025-09-07 00:00:00+00:00
[2025-09-06T07:43:07.692+0000] {processor.py:183} INFO - Processing /opt/airflow/dags/ml_pipeline_dag.py took 0.108 seconds
[2025-09-06T07:43:37.805+0000] {processor.py:161} INFO - Started process (PID=352) to work on /opt/airflow/dags/ml_pipeline_dag.py
[2025-09-06T07:43:37.806+0000] {processor.py:830} INFO - Processing file /opt/airflow/dags/ml_pipeline_dag.py for tasks to queue
[2025-09-06T07:43:37.808+0000] {logging_mixin.py:188} INFO - [2025-09-06T07:43:37.808+0000] {dagbag.py:545} INFO - Filling up the DagBag from /opt/airflow/dags/ml_pipeline_dag.py
[2025-09-06T07:43:37.822+0000] {processor.py:840} INFO - DAG(s) 'mlops_w8_pipeline' retrieved from /opt/airflow/dags/ml_pipeline_dag.py
[2025-09-06T07:43:37.859+0000] {logging_mixin.py:188} INFO - [2025-09-06T07:43:37.859+0000] {dag.py:3089} INFO - Sync 1 DAGs
[2025-09-06T07:43:37.884+0000] {logging_mixin.py:188} INFO - [2025-09-06T07:43:37.884+0000] {dag.py:3947} INFO - Setting next_dagrun for mlops_w8_pipeline to 2025-09-06 00:00:00+00:00, run_after=2025-09-07 00:00:00+00:00
[2025-09-06T07:43:37.902+0000] {processor.py:183} INFO - Processing /opt/airflow/dags/ml_pipeline_dag.py took 0.105 seconds
[2025-09-06T07:44:08.020+0000] {processor.py:161} INFO - Started process (PID=357) to work on /opt/airflow/dags/ml_pipeline_dag.py
[2025-09-06T07:44:08.021+0000] {processor.py:830} INFO - Processing file /opt/airflow/dags/ml_pipeline_dag.py for tasks to queue
[2025-09-06T07:44:08.023+0000] {logging_mixin.py:188} INFO - [2025-09-06T07:44:08.022+0000] {dagbag.py:545} INFO - Filling up the DagBag from /opt/airflow/dags/ml_pipeline_dag.py
[2025-09-06T07:44:08.037+0000] {processor.py:840} INFO - DAG(s) 'mlops_w8_pipeline' retrieved from /opt/airflow/dags/ml_pipeline_dag.py
[2025-09-06T07:44:08.074+0000] {logging_mixin.py:188} INFO - [2025-09-06T07:44:08.073+0000] {dag.py:3089} INFO - Sync 1 DAGs
[2025-09-06T07:44:08.097+0000] {logging_mixin.py:188} INFO - [2025-09-06T07:44:08.097+0000] {dag.py:3947} INFO - Setting next_dagrun for mlops_w8_pipeline to 2025-09-06 00:00:00+00:00, run_after=2025-09-07 00:00:00+00:00
[2025-09-06T07:44:08.116+0000] {processor.py:183} INFO - Processing /opt/airflow/dags/ml_pipeline_dag.py took 0.104 seconds
[2025-09-06T07:44:38.231+0000] {processor.py:161} INFO - Started process (PID=362) to work on /opt/airflow/dags/ml_pipeline_dag.py
[2025-09-06T07:44:38.232+0000] {processor.py:830} INFO - Processing file /opt/airflow/dags/ml_pipeline_dag.py for tasks to queue
[2025-09-06T07:44:38.234+0000] {logging_mixin.py:188} INFO - [2025-09-06T07:44:38.234+0000] {dagbag.py:545} INFO - Filling up the DagBag from /opt/airflow/dags/ml_pipeline_dag.py
[2025-09-06T07:44:38.248+0000] {processor.py:840} INFO - DAG(s) 'mlops_w8_pipeline' retrieved from /opt/airflow/dags/ml_pipeline_dag.py
[2025-09-06T07:44:38.284+0000] {logging_mixin.py:188} INFO - [2025-09-06T07:44:38.283+0000] {dag.py:3089} INFO - Sync 1 DAGs
[2025-09-06T07:44:38.308+0000] {logging_mixin.py:188} INFO - [2025-09-06T07:44:38.307+0000] {dag.py:3947} INFO - Setting next_dagrun for mlops_w8_pipeline to 2025-09-06 00:00:00+00:00, run_after=2025-09-07 00:00:00+00:00
[2025-09-06T07:44:38.326+0000] {processor.py:183} INFO - Processing /opt/airflow/dags/ml_pipeline_dag.py took 0.103 seconds
[2025-09-06T07:45:08.439+0000] {processor.py:161} INFO - Started process (PID=367) to work on /opt/airflow/dags/ml_pipeline_dag.py
[2025-09-06T07:45:08.440+0000] {processor.py:830} INFO - Processing file /opt/airflow/dags/ml_pipeline_dag.py for tasks to queue
[2025-09-06T07:45:08.441+0000] {logging_mixin.py:188} INFO - [2025-09-06T07:45:08.441+0000] {dagbag.py:545} INFO - Filling up the DagBag from /opt/airflow/dags/ml_pipeline_dag.py
[2025-09-06T07:45:08.455+0000] {processor.py:840} INFO - DAG(s) 'mlops_w8_pipeline' retrieved from /opt/airflow/dags/ml_pipeline_dag.py
[2025-09-06T07:45:08.491+0000] {logging_mixin.py:188} INFO - [2025-09-06T07:45:08.491+0000] {dag.py:3089} INFO - Sync 1 DAGs
[2025-09-06T07:45:08.514+0000] {logging_mixin.py:188} INFO - [2025-09-06T07:45:08.514+0000] {dag.py:3947} INFO - Setting next_dagrun for mlops_w8_pipeline to 2025-09-06 00:00:00+00:00, run_after=2025-09-07 00:00:00+00:00
[2025-09-06T07:45:08.531+0000] {processor.py:183} INFO - Processing /opt/airflow/dags/ml_pipeline_dag.py took 0.100 seconds
[2025-09-06T07:45:38.646+0000] {processor.py:161} INFO - Started process (PID=372) to work on /opt/airflow/dags/ml_pipeline_dag.py
[2025-09-06T07:45:38.648+0000] {processor.py:830} INFO - Processing file /opt/airflow/dags/ml_pipeline_dag.py for tasks to queue
[2025-09-06T07:45:38.650+0000] {logging_mixin.py:188} INFO - [2025-09-06T07:45:38.649+0000] {dagbag.py:545} INFO - Filling up the DagBag from /opt/airflow/dags/ml_pipeline_dag.py
[2025-09-06T07:45:38.663+0000] {processor.py:840} INFO - DAG(s) 'mlops_w8_pipeline' retrieved from /opt/airflow/dags/ml_pipeline_dag.py
[2025-09-06T07:45:38.702+0000] {logging_mixin.py:188} INFO - [2025-09-06T07:45:38.702+0000] {dag.py:3089} INFO - Sync 1 DAGs
[2025-09-06T07:45:38.726+0000] {logging_mixin.py:188} INFO - [2025-09-06T07:45:38.725+0000] {dag.py:3947} INFO - Setting next_dagrun for mlops_w8_pipeline to 2025-09-06 00:00:00+00:00, run_after=2025-09-07 00:00:00+00:00
[2025-09-06T07:45:38.744+0000] {processor.py:183} INFO - Processing /opt/airflow/dags/ml_pipeline_dag.py took 0.105 seconds
[2025-09-06T07:46:08.857+0000] {processor.py:161} INFO - Started process (PID=377) to work on /opt/airflow/dags/ml_pipeline_dag.py
[2025-09-06T07:46:08.858+0000] {processor.py:830} INFO - Processing file /opt/airflow/dags/ml_pipeline_dag.py for tasks to queue
[2025-09-06T07:46:08.860+0000] {logging_mixin.py:188} INFO - [2025-09-06T07:46:08.860+0000] {dagbag.py:545} INFO - Filling up the DagBag from /opt/airflow/dags/ml_pipeline_dag.py
[2025-09-06T07:46:08.873+0000] {processor.py:840} INFO - DAG(s) 'mlops_w8_pipeline' retrieved from /opt/airflow/dags/ml_pipeline_dag.py
[2025-09-06T07:46:08.910+0000] {logging_mixin.py:188} INFO - [2025-09-06T07:46:08.910+0000] {dag.py:3089} INFO - Sync 1 DAGs
[2025-09-06T07:46:08.935+0000] {logging_mixin.py:188} INFO - [2025-09-06T07:46:08.935+0000] {dag.py:3947} INFO - Setting next_dagrun for mlops_w8_pipeline to 2025-09-06 00:00:00+00:00, run_after=2025-09-07 00:00:00+00:00
[2025-09-06T07:46:08.952+0000] {processor.py:183} INFO - Processing /opt/airflow/dags/ml_pipeline_dag.py took 0.103 seconds
[2025-09-06T07:46:29.934+0000] {processor.py:161} INFO - Started process (PID=382) to work on /opt/airflow/dags/ml_pipeline_dag.py
[2025-09-06T07:46:29.935+0000] {processor.py:830} INFO - Processing file /opt/airflow/dags/ml_pipeline_dag.py for tasks to queue
[2025-09-06T07:46:29.937+0000] {logging_mixin.py:188} INFO - [2025-09-06T07:46:29.937+0000] {dagbag.py:545} INFO - Filling up the DagBag from /opt/airflow/dags/ml_pipeline_dag.py
[2025-09-06T07:46:29.942+0000] {logging_mixin.py:188} INFO - [2025-09-06T07:46:29.941+0000] {dagbag.py:355} ERROR - Failed to import: /opt/airflow/dags/ml_pipeline_dag.py
Traceback (most recent call last):
  File "/home/airflow/.local/lib/python3.11/site-packages/airflow/models/dagbag.py", line 351, in parse
    loader.exec_module(new_module)
  File "<frozen importlib._bootstrap_external>", line 940, in exec_module
  File "<frozen importlib._bootstrap>", line 241, in _call_with_frames_removed
  File "/opt/airflow/dags/ml_pipeline_dag.py", line 5, in <module>
    from src.train_eval import ingest, train, evaluate, deploy  # adjust names if different
    ^^^^^^^^^^^^^^^^^^^^^^^^^^^^^^^^^^^^^^^^^^^^^^^^^^^^^^^^^^
ModuleNotFoundError: No module named 'src'
[2025-09-06T07:46:29.943+0000] {processor.py:842} WARNING - No viable dags retrieved from /opt/airflow/dags/ml_pipeline_dag.py
[2025-09-06T07:46:29.969+0000] {processor.py:183} INFO - Processing /opt/airflow/dags/ml_pipeline_dag.py took 0.043 seconds
[2025-09-06T07:47:00.046+0000] {processor.py:161} INFO - Started process (PID=387) to work on /opt/airflow/dags/ml_pipeline_dag.py
[2025-09-06T07:47:00.047+0000] {processor.py:830} INFO - Processing file /opt/airflow/dags/ml_pipeline_dag.py for tasks to queue
[2025-09-06T07:47:00.049+0000] {logging_mixin.py:188} INFO - [2025-09-06T07:47:00.049+0000] {dagbag.py:545} INFO - Filling up the DagBag from /opt/airflow/dags/ml_pipeline_dag.py
[2025-09-06T07:47:00.054+0000] {logging_mixin.py:188} INFO - [2025-09-06T07:47:00.053+0000] {dagbag.py:355} ERROR - Failed to import: /opt/airflow/dags/ml_pipeline_dag.py
Traceback (most recent call last):
  File "/home/airflow/.local/lib/python3.11/site-packages/airflow/models/dagbag.py", line 351, in parse
    loader.exec_module(new_module)
  File "<frozen importlib._bootstrap_external>", line 940, in exec_module
  File "<frozen importlib._bootstrap>", line 241, in _call_with_frames_removed
  File "/opt/airflow/dags/ml_pipeline_dag.py", line 5, in <module>
    from src.train_eval import ingest, train, evaluate, deploy  # adjust names if different
    ^^^^^^^^^^^^^^^^^^^^^^^^^^^^^^^^^^^^^^^^^^^^^^^^^^^^^^^^^^
ModuleNotFoundError: No module named 'src'
[2025-09-06T07:47:00.055+0000] {processor.py:842} WARNING - No viable dags retrieved from /opt/airflow/dags/ml_pipeline_dag.py
[2025-09-06T07:47:00.081+0000] {processor.py:183} INFO - Processing /opt/airflow/dags/ml_pipeline_dag.py took 0.042 seconds
[2025-09-06T07:47:30.189+0000] {processor.py:161} INFO - Started process (PID=392) to work on /opt/airflow/dags/ml_pipeline_dag.py
[2025-09-06T07:47:30.191+0000] {processor.py:830} INFO - Processing file /opt/airflow/dags/ml_pipeline_dag.py for tasks to queue
[2025-09-06T07:47:30.193+0000] {logging_mixin.py:188} INFO - [2025-09-06T07:47:30.193+0000] {dagbag.py:545} INFO - Filling up the DagBag from /opt/airflow/dags/ml_pipeline_dag.py
[2025-09-06T07:47:30.199+0000] {logging_mixin.py:188} INFO - [2025-09-06T07:47:30.197+0000] {dagbag.py:355} ERROR - Failed to import: /opt/airflow/dags/ml_pipeline_dag.py
Traceback (most recent call last):
  File "/home/airflow/.local/lib/python3.11/site-packages/airflow/models/dagbag.py", line 351, in parse
    loader.exec_module(new_module)
  File "<frozen importlib._bootstrap_external>", line 940, in exec_module
  File "<frozen importlib._bootstrap>", line 241, in _call_with_frames_removed
  File "/opt/airflow/dags/ml_pipeline_dag.py", line 5, in <module>
    from src.train_eval import ingest, train, evaluate, deploy  # adjust names if different
    ^^^^^^^^^^^^^^^^^^^^^^^^^^^^^^^^^^^^^^^^^^^^^^^^^^^^^^^^^^
ModuleNotFoundError: No module named 'src'
[2025-09-06T07:47:30.199+0000] {processor.py:842} WARNING - No viable dags retrieved from /opt/airflow/dags/ml_pipeline_dag.py
[2025-09-06T07:47:30.225+0000] {processor.py:183} INFO - Processing /opt/airflow/dags/ml_pipeline_dag.py took 0.044 seconds
[2025-09-06T07:48:00.317+0000] {processor.py:161} INFO - Started process (PID=397) to work on /opt/airflow/dags/ml_pipeline_dag.py
[2025-09-06T07:48:00.318+0000] {processor.py:830} INFO - Processing file /opt/airflow/dags/ml_pipeline_dag.py for tasks to queue
[2025-09-06T07:48:00.318+0000] {logging_mixin.py:188} INFO - [2025-09-06T07:48:00.318+0000] {dagbag.py:545} INFO - Filling up the DagBag from /opt/airflow/dags/ml_pipeline_dag.py
[2025-09-06T07:48:00.324+0000] {logging_mixin.py:188} INFO - [2025-09-06T07:48:00.322+0000] {dagbag.py:355} ERROR - Failed to import: /opt/airflow/dags/ml_pipeline_dag.py
Traceback (most recent call last):
  File "/home/airflow/.local/lib/python3.11/site-packages/airflow/models/dagbag.py", line 351, in parse
    loader.exec_module(new_module)
  File "<frozen importlib._bootstrap_external>", line 940, in exec_module
  File "<frozen importlib._bootstrap>", line 241, in _call_with_frames_removed
  File "/opt/airflow/dags/ml_pipeline_dag.py", line 5, in <module>
    from src.train_eval import ingest, train, evaluate, deploy  # adjust names if different
    ^^^^^^^^^^^^^^^^^^^^^^^^^^^^^^^^^^^^^^^^^^^^^^^^^^^^^^^^^^
ModuleNotFoundError: No module named 'src'
[2025-09-06T07:48:00.324+0000] {processor.py:842} WARNING - No viable dags retrieved from /opt/airflow/dags/ml_pipeline_dag.py
[2025-09-06T07:48:00.349+0000] {processor.py:183} INFO - Processing /opt/airflow/dags/ml_pipeline_dag.py took 0.040 seconds
[2025-09-06T07:48:30.446+0000] {processor.py:161} INFO - Started process (PID=402) to work on /opt/airflow/dags/ml_pipeline_dag.py
[2025-09-06T07:48:30.448+0000] {processor.py:830} INFO - Processing file /opt/airflow/dags/ml_pipeline_dag.py for tasks to queue
[2025-09-06T07:48:30.448+0000] {logging_mixin.py:188} INFO - [2025-09-06T07:48:30.448+0000] {dagbag.py:545} INFO - Filling up the DagBag from /opt/airflow/dags/ml_pipeline_dag.py
[2025-09-06T07:48:30.453+0000] {logging_mixin.py:188} INFO - [2025-09-06T07:48:30.452+0000] {dagbag.py:355} ERROR - Failed to import: /opt/airflow/dags/ml_pipeline_dag.py
Traceback (most recent call last):
  File "/home/airflow/.local/lib/python3.11/site-packages/airflow/models/dagbag.py", line 351, in parse
    loader.exec_module(new_module)
  File "<frozen importlib._bootstrap_external>", line 940, in exec_module
  File "<frozen importlib._bootstrap>", line 241, in _call_with_frames_removed
  File "/opt/airflow/dags/ml_pipeline_dag.py", line 5, in <module>
    from src.train_eval import ingest, train, evaluate, deploy  # adjust names if different
    ^^^^^^^^^^^^^^^^^^^^^^^^^^^^^^^^^^^^^^^^^^^^^^^^^^^^^^^^^^
ModuleNotFoundError: No module named 'src'
[2025-09-06T07:48:30.454+0000] {processor.py:842} WARNING - No viable dags retrieved from /opt/airflow/dags/ml_pipeline_dag.py
[2025-09-06T07:48:30.478+0000] {processor.py:183} INFO - Processing /opt/airflow/dags/ml_pipeline_dag.py took 0.039 seconds
[2025-09-06T07:49:00.559+0000] {processor.py:161} INFO - Started process (PID=407) to work on /opt/airflow/dags/ml_pipeline_dag.py
[2025-09-06T07:49:00.560+0000] {processor.py:830} INFO - Processing file /opt/airflow/dags/ml_pipeline_dag.py for tasks to queue
[2025-09-06T07:49:00.561+0000] {logging_mixin.py:188} INFO - [2025-09-06T07:49:00.561+0000] {dagbag.py:545} INFO - Filling up the DagBag from /opt/airflow/dags/ml_pipeline_dag.py
[2025-09-06T07:49:00.566+0000] {logging_mixin.py:188} INFO - [2025-09-06T07:49:00.565+0000] {dagbag.py:355} ERROR - Failed to import: /opt/airflow/dags/ml_pipeline_dag.py
Traceback (most recent call last):
  File "/home/airflow/.local/lib/python3.11/site-packages/airflow/models/dagbag.py", line 351, in parse
    loader.exec_module(new_module)
  File "<frozen importlib._bootstrap_external>", line 940, in exec_module
  File "<frozen importlib._bootstrap>", line 241, in _call_with_frames_removed
  File "/opt/airflow/dags/ml_pipeline_dag.py", line 5, in <module>
    from src.train_eval import ingest, train, evaluate, deploy  # adjust names if different
    ^^^^^^^^^^^^^^^^^^^^^^^^^^^^^^^^^^^^^^^^^^^^^^^^^^^^^^^^^^
ModuleNotFoundError: No module named 'src'
[2025-09-06T07:49:00.566+0000] {processor.py:842} WARNING - No viable dags retrieved from /opt/airflow/dags/ml_pipeline_dag.py
[2025-09-06T07:49:00.590+0000] {processor.py:183} INFO - Processing /opt/airflow/dags/ml_pipeline_dag.py took 0.038 seconds
[2025-09-06T07:49:30.698+0000] {processor.py:161} INFO - Started process (PID=413) to work on /opt/airflow/dags/ml_pipeline_dag.py
[2025-09-06T07:49:30.699+0000] {processor.py:830} INFO - Processing file /opt/airflow/dags/ml_pipeline_dag.py for tasks to queue
[2025-09-06T07:49:30.700+0000] {logging_mixin.py:188} INFO - [2025-09-06T07:49:30.700+0000] {dagbag.py:545} INFO - Filling up the DagBag from /opt/airflow/dags/ml_pipeline_dag.py
[2025-09-06T07:49:30.705+0000] {logging_mixin.py:188} INFO - [2025-09-06T07:49:30.704+0000] {dagbag.py:355} ERROR - Failed to import: /opt/airflow/dags/ml_pipeline_dag.py
Traceback (most recent call last):
  File "/home/airflow/.local/lib/python3.11/site-packages/airflow/models/dagbag.py", line 351, in parse
    loader.exec_module(new_module)
  File "<frozen importlib._bootstrap_external>", line 940, in exec_module
  File "<frozen importlib._bootstrap>", line 241, in _call_with_frames_removed
  File "/opt/airflow/dags/ml_pipeline_dag.py", line 5, in <module>
    from src.train_eval import ingest, train, evaluate, deploy  # adjust names if different
    ^^^^^^^^^^^^^^^^^^^^^^^^^^^^^^^^^^^^^^^^^^^^^^^^^^^^^^^^^^
ModuleNotFoundError: No module named 'src'
[2025-09-06T07:49:30.706+0000] {processor.py:842} WARNING - No viable dags retrieved from /opt/airflow/dags/ml_pipeline_dag.py
[2025-09-06T07:49:30.731+0000] {processor.py:183} INFO - Processing /opt/airflow/dags/ml_pipeline_dag.py took 0.040 seconds
