[2025-09-06T07:25:27.710+0000] {manager.py:470} INFO - Processing files using up to 2 processes at a time 
[2025-09-06T07:25:27.710+0000] {manager.py:471} INFO - Process each file at most once every 30 seconds
[2025-09-06T07:25:27.711+0000] {manager.py:472} INFO - Checking for new files in /opt/airflow/dags every 300 seconds
[2025-09-06T07:25:27.711+0000] {manager.py:737} INFO - Searching for files in /opt/airflow/dags
[2025-09-06T07:25:27.712+0000] {manager.py:740} INFO - There are 1 files in /opt/airflow/dags
[2025-09-06T07:25:27.851+0000] {manager.py:878} INFO - 
================================================================================
DAG File Processing Stats

File Path                               PID  Runtime      # DAGs    # Errors  Last Runtime    Last Run
------------------------------------  -----  ---------  --------  ----------  --------------  ----------
/opt/airflow/dags/ml_pipeline_dag.py    160  0.04s             0           0
================================================================================
[2025-09-06T07:25:57.953+0000] {manager.py:878} INFO - 
================================================================================
DAG File Processing Stats

File Path                             PID    Runtime      # DAGs    # Errors  Last Runtime    Last Run
------------------------------------  -----  ---------  --------  ----------  --------------  -------------------
/opt/airflow/dags/ml_pipeline_dag.py                           1           0  0.60s           2025-09-06T07:25:28
================================================================================
[2025-09-06T07:26:28.622+0000] {manager.py:878} INFO - 
================================================================================
DAG File Processing Stats

File Path                             PID    Runtime      # DAGs    # Errors  Last Runtime    Last Run
------------------------------------  -----  ---------  --------  ----------  --------------  -------------------
/opt/airflow/dags/ml_pipeline_dag.py                           1           0  0.29s           2025-09-06T07:25:58
================================================================================
[2025-09-06T07:26:59.015+0000] {manager.py:878} INFO - 
================================================================================
DAG File Processing Stats

File Path                             PID    Runtime      # DAGs    # Errors  Last Runtime    Last Run
------------------------------------  -----  ---------  --------  ----------  --------------  -------------------
/opt/airflow/dags/ml_pipeline_dag.py                           1           0  0.29s           2025-09-06T07:26:29
================================================================================
[2025-09-06T07:27:29.408+0000] {manager.py:878} INFO - 
================================================================================
DAG File Processing Stats

File Path                             PID    Runtime      # DAGs    # Errors  Last Runtime    Last Run
------------------------------------  -----  ---------  --------  ----------  --------------  -------------------
/opt/airflow/dags/ml_pipeline_dag.py                           1           0  0.30s           2025-09-06T07:26:59
================================================================================
[2025-09-06T07:27:59.798+0000] {manager.py:878} INFO - 
================================================================================
DAG File Processing Stats

File Path                             PID    Runtime      # DAGs    # Errors  Last Runtime    Last Run
------------------------------------  -----  ---------  --------  ----------  --------------  -------------------
/opt/airflow/dags/ml_pipeline_dag.py                           1           0  0.29s           2025-09-06T07:27:29
================================================================================
[2025-09-06T07:28:30.361+0000] {manager.py:878} INFO - 
================================================================================
DAG File Processing Stats

File Path                             PID    Runtime      # DAGs    # Errors  Last Runtime    Last Run
------------------------------------  -----  ---------  --------  ----------  --------------  -------------------
/opt/airflow/dags/ml_pipeline_dag.py                           1           0  0.30s           2025-09-06T07:28:00
================================================================================
[2025-09-06T07:29:00.584+0000] {manager.py:878} INFO - 
================================================================================
DAG File Processing Stats

File Path                             PID    Runtime      # DAGs    # Errors  Last Runtime    Last Run
------------------------------------  -----  ---------  --------  ----------  --------------  -------------------
/opt/airflow/dags/ml_pipeline_dag.py                           1           0  0.13s           2025-09-06T07:28:30
================================================================================
[2025-09-06T07:29:30.795+0000] {manager.py:878} INFO - 
================================================================================
DAG File Processing Stats

File Path                             PID    Runtime      # DAGs    # Errors  Last Runtime    Last Run
------------------------------------  -----  ---------  --------  ----------  --------------  -------------------
/opt/airflow/dags/ml_pipeline_dag.py                           1           0  0.13s           2025-09-06T07:29:00
================================================================================
[2025-09-06T07:30:01.015+0000] {manager.py:878} INFO - 
================================================================================
DAG File Processing Stats

File Path                             PID    Runtime      # DAGs    # Errors  Last Runtime    Last Run
------------------------------------  -----  ---------  --------  ----------  --------------  -------------------
/opt/airflow/dags/ml_pipeline_dag.py                           1           0  0.13s           2025-09-06T07:29:31
================================================================================
[2025-09-06T07:30:28.227+0000] {manager.py:737} INFO - Searching for files in /opt/airflow/dags
[2025-09-06T07:30:28.228+0000] {manager.py:740} INFO - There are 1 files in /opt/airflow/dags
[2025-09-06T07:30:31.248+0000] {manager.py:878} INFO - 
================================================================================
DAG File Processing Stats

File Path                             PID    Runtime      # DAGs    # Errors  Last Runtime    Last Run
------------------------------------  -----  ---------  --------  ----------  --------------  -------------------
/opt/airflow/dags/ml_pipeline_dag.py                           1           0  0.13s           2025-09-06T07:30:01
================================================================================
[2025-09-06T07:31:01.452+0000] {manager.py:878} INFO - 
================================================================================
DAG File Processing Stats

File Path                             PID    Runtime      # DAGs    # Errors  Last Runtime    Last Run
------------------------------------  -----  ---------  --------  ----------  --------------  -------------------
/opt/airflow/dags/ml_pipeline_dag.py                           1           0  0.15s           2025-09-06T07:30:31
================================================================================
[2025-09-06T07:31:32.366+0000] {manager.py:878} INFO - 
================================================================================
DAG File Processing Stats

File Path                               PID  Runtime      # DAGs    # Errors  Last Runtime    Last Run
------------------------------------  -----  ---------  --------  ----------  --------------  -------------------
/opt/airflow/dags/ml_pipeline_dag.py    224  0.01s             1           0  0.13s           2025-09-06T07:31:01
================================================================================
[2025-09-06T07:32:02.649+0000] {manager.py:878} INFO - 
================================================================================
DAG File Processing Stats

File Path                               PID  Runtime      # DAGs    # Errors  Last Runtime    Last Run
------------------------------------  -----  ---------  --------  ----------  --------------  -------------------
/opt/airflow/dags/ml_pipeline_dag.py    229  0.01s             1           0  0.16s           2025-09-06T07:31:32
================================================================================
[2025-09-06T07:32:33.045+0000] {manager.py:878} INFO - 
================================================================================
DAG File Processing Stats

File Path                               PID  Runtime      # DAGs    # Errors  Last Runtime    Last Run
------------------------------------  -----  ---------  --------  ----------  --------------  -------------------
/opt/airflow/dags/ml_pipeline_dag.py    236  0.01s             1           0  0.16s           2025-09-06T07:32:02
================================================================================
[2025-09-06T07:33:03.169+0000] {manager.py:878} INFO - 
================================================================================
DAG File Processing Stats

File Path                             PID    Runtime      # DAGs    # Errors  Last Runtime    Last Run
------------------------------------  -----  ---------  --------  ----------  --------------  -------------------
/opt/airflow/dags/ml_pipeline_dag.py                           1           0  0.16s           2025-09-06T07:32:33
================================================================================
[2025-09-06T07:33:33.453+0000] {manager.py:878} INFO - 
================================================================================
DAG File Processing Stats

File Path                               PID  Runtime      # DAGs    # Errors  Last Runtime    Last Run
------------------------------------  -----  ---------  --------  ----------  --------------  -------------------
/opt/airflow/dags/ml_pipeline_dag.py    250  0.01s             1           0  0.16s           2025-09-06T07:33:03
================================================================================
[2025-09-06T07:34:03.670+0000] {manager.py:878} INFO - 
================================================================================
DAG File Processing Stats

File Path                               PID  Runtime      # DAGs    # Errors  Last Runtime    Last Run
------------------------------------  -----  ---------  --------  ----------  --------------  -------------------
/opt/airflow/dags/ml_pipeline_dag.py    257  0.01s             1           0  0.16s           2025-09-06T07:33:33
================================================================================
[2025-09-06T07:34:33.797+0000] {manager.py:878} INFO - 
================================================================================
DAG File Processing Stats

File Path                             PID    Runtime      # DAGs    # Errors  Last Runtime    Last Run
------------------------------------  -----  ---------  --------  ----------  --------------  -------------------
/opt/airflow/dags/ml_pipeline_dag.py                           1           0  0.15s           2025-09-06T07:34:03
================================================================================
[2025-09-06T07:35:04.018+0000] {manager.py:878} INFO - 
================================================================================
DAG File Processing Stats

File Path                             PID    Runtime      # DAGs    # Errors  Last Runtime    Last Run
------------------------------------  -----  ---------  --------  ----------  --------------  -------------------
/opt/airflow/dags/ml_pipeline_dag.py                           1           0  0.13s           2025-09-06T07:34:34
================================================================================
[2025-09-06T07:35:28.325+0000] {manager.py:737} INFO - Searching for files in /opt/airflow/dags
[2025-09-06T07:35:28.326+0000] {manager.py:740} INFO - There are 1 files in /opt/airflow/dags
[2025-09-06T07:35:34.233+0000] {manager.py:878} INFO - 
================================================================================
DAG File Processing Stats

File Path                             PID    Runtime      # DAGs    # Errors  Last Runtime    Last Run
------------------------------------  -----  ---------  --------  ----------  --------------  -------------------
/opt/airflow/dags/ml_pipeline_dag.py                           1           0  0.13s           2025-09-06T07:35:04
================================================================================
[2025-09-06T07:36:04.459+0000] {manager.py:878} INFO - 
================================================================================
DAG File Processing Stats

File Path                             PID    Runtime      # DAGs    # Errors  Last Runtime    Last Run
------------------------------------  -----  ---------  --------  ----------  --------------  -------------------
/opt/airflow/dags/ml_pipeline_dag.py                           1           0  0.12s           2025-09-06T07:35:34
================================================================================
[2025-09-06T07:36:34.671+0000] {manager.py:878} INFO - 
================================================================================
DAG File Processing Stats

File Path                             PID    Runtime      # DAGs    # Errors  Last Runtime    Last Run
------------------------------------  -----  ---------  --------  ----------  --------------  -------------------
/opt/airflow/dags/ml_pipeline_dag.py                           1           0  0.13s           2025-09-06T07:36:04
================================================================================
[2025-09-06T07:37:04.880+0000] {manager.py:878} INFO - 
================================================================================
DAG File Processing Stats

File Path                             PID    Runtime      # DAGs    # Errors  Last Runtime    Last Run
------------------------------------  -----  ---------  --------  ----------  --------------  -------------------
/opt/airflow/dags/ml_pipeline_dag.py                           1           0  0.13s           2025-09-06T07:36:34
================================================================================
[2025-09-06T07:37:35.120+0000] {manager.py:878} INFO - 
================================================================================
DAG File Processing Stats

File Path                             PID    Runtime      # DAGs    # Errors  Last Runtime    Last Run
------------------------------------  -----  ---------  --------  ----------  --------------  -------------------
/opt/airflow/dags/ml_pipeline_dag.py                           1           0  0.13s           2025-09-06T07:37:05
================================================================================
[2025-09-06T07:38:05.328+0000] {manager.py:878} INFO - 
================================================================================
DAG File Processing Stats

File Path                             PID    Runtime      # DAGs    # Errors  Last Runtime    Last Run
------------------------------------  -----  ---------  --------  ----------  --------------  -------------------
/opt/airflow/dags/ml_pipeline_dag.py                           1           0  0.13s           2025-09-06T07:37:35
================================================================================
[2025-09-06T07:38:35.549+0000] {manager.py:878} INFO - 
================================================================================
DAG File Processing Stats

File Path                             PID    Runtime      # DAGs    # Errors  Last Runtime    Last Run
------------------------------------  -----  ---------  --------  ----------  --------------  -------------------
/opt/airflow/dags/ml_pipeline_dag.py                           1           0  0.13s           2025-09-06T07:38:05
================================================================================
[2025-09-06T07:39:05.765+0000] {manager.py:878} INFO - 
================================================================================
DAG File Processing Stats

File Path                             PID    Runtime      # DAGs    # Errors  Last Runtime    Last Run
------------------------------------  -----  ---------  --------  ----------  --------------  -------------------
/opt/airflow/dags/ml_pipeline_dag.py                           1           0  0.13s           2025-09-06T07:38:35
================================================================================
[2025-09-06T07:39:35.981+0000] {manager.py:878} INFO - 
================================================================================
DAG File Processing Stats

File Path                             PID    Runtime      # DAGs    # Errors  Last Runtime    Last Run
------------------------------------  -----  ---------  --------  ----------  --------------  -------------------
/opt/airflow/dags/ml_pipeline_dag.py                           1           0  0.13s           2025-09-06T07:39:06
================================================================================
[2025-09-06T07:40:06.206+0000] {manager.py:878} INFO - 
================================================================================
DAG File Processing Stats

File Path                             PID    Runtime      # DAGs    # Errors  Last Runtime    Last Run
------------------------------------  -----  ---------  --------  ----------  --------------  -------------------
/opt/airflow/dags/ml_pipeline_dag.py                           1           0  0.12s           2025-09-06T07:39:36
================================================================================
[2025-09-06T07:40:28.384+0000] {manager.py:737} INFO - Searching for files in /opt/airflow/dags
[2025-09-06T07:40:28.385+0000] {manager.py:740} INFO - There are 1 files in /opt/airflow/dags
[2025-09-06T07:40:36.420+0000] {manager.py:878} INFO - 
================================================================================
DAG File Processing Stats

File Path                             PID    Runtime      # DAGs    # Errors  Last Runtime    Last Run
------------------------------------  -----  ---------  --------  ----------  --------------  -------------------
/opt/airflow/dags/ml_pipeline_dag.py                           1           0  0.12s           2025-09-06T07:40:06
================================================================================
[2025-09-06T07:41:06.624+0000] {manager.py:878} INFO - 
================================================================================
DAG File Processing Stats

File Path                             PID    Runtime      # DAGs    # Errors  Last Runtime    Last Run
------------------------------------  -----  ---------  --------  ----------  --------------  -------------------
/opt/airflow/dags/ml_pipeline_dag.py                           1           0  0.12s           2025-09-06T07:40:36
================================================================================
[2025-09-06T07:41:36.827+0000] {manager.py:878} INFO - 
================================================================================
DAG File Processing Stats

File Path                             PID    Runtime      # DAGs    # Errors  Last Runtime    Last Run
------------------------------------  -----  ---------  --------  ----------  --------------  -------------------
/opt/airflow/dags/ml_pipeline_dag.py                           1           0  0.13s           2025-09-06T07:41:06
================================================================================
[2025-09-06T07:42:07.046+0000] {manager.py:878} INFO - 
================================================================================
DAG File Processing Stats

File Path                             PID    Runtime      # DAGs    # Errors  Last Runtime    Last Run
------------------------------------  -----  ---------  --------  ----------  --------------  -------------------
/opt/airflow/dags/ml_pipeline_dag.py                           1           0  0.12s           2025-09-06T07:41:37
================================================================================
[2025-09-06T07:42:37.266+0000] {manager.py:878} INFO - 
================================================================================
DAG File Processing Stats

File Path                             PID    Runtime      # DAGs    # Errors  Last Runtime    Last Run
------------------------------------  -----  ---------  --------  ----------  --------------  -------------------
/opt/airflow/dags/ml_pipeline_dag.py                           1           0  0.12s           2025-09-06T07:42:07
================================================================================
[2025-09-06T07:43:07.473+0000] {manager.py:878} INFO - 
================================================================================
DAG File Processing Stats

File Path                             PID    Runtime      # DAGs    # Errors  Last Runtime    Last Run
------------------------------------  -----  ---------  --------  ----------  --------------  -------------------
/opt/airflow/dags/ml_pipeline_dag.py                           1           0  0.12s           2025-09-06T07:42:37
================================================================================
[2025-09-06T07:43:37.679+0000] {manager.py:878} INFO - 
================================================================================
DAG File Processing Stats

File Path                             PID    Runtime      # DAGs    # Errors  Last Runtime    Last Run
------------------------------------  -----  ---------  --------  ----------  --------------  -------------------
/opt/airflow/dags/ml_pipeline_dag.py                           1           0  0.13s           2025-09-06T07:43:07
================================================================================
[2025-09-06T07:44:07.890+0000] {manager.py:878} INFO - 
================================================================================
DAG File Processing Stats

File Path                             PID    Runtime      # DAGs    # Errors  Last Runtime    Last Run
------------------------------------  -----  ---------  --------  ----------  --------------  -------------------
/opt/airflow/dags/ml_pipeline_dag.py                           1           0  0.13s           2025-09-06T07:43:37
================================================================================
[2025-09-06T07:44:38.115+0000] {manager.py:878} INFO - 
================================================================================
DAG File Processing Stats

File Path                             PID    Runtime      # DAGs    # Errors  Last Runtime    Last Run
------------------------------------  -----  ---------  --------  ----------  --------------  -------------------
/opt/airflow/dags/ml_pipeline_dag.py                           1           0  0.13s           2025-09-06T07:44:08
================================================================================
[2025-09-06T07:45:08.317+0000] {manager.py:878} INFO - 
================================================================================
DAG File Processing Stats

File Path                             PID    Runtime      # DAGs    # Errors  Last Runtime    Last Run
------------------------------------  -----  ---------  --------  ----------  --------------  -------------------
/opt/airflow/dags/ml_pipeline_dag.py                           1           0  0.13s           2025-09-06T07:44:38
================================================================================
[2025-09-06T07:45:28.493+0000] {manager.py:737} INFO - Searching for files in /opt/airflow/dags
[2025-09-06T07:45:28.494+0000] {manager.py:740} INFO - There are 1 files in /opt/airflow/dags
[2025-09-06T07:45:38.536+0000] {manager.py:878} INFO - 
================================================================================
DAG File Processing Stats

File Path                             PID    Runtime      # DAGs    # Errors  Last Runtime    Last Run
------------------------------------  -----  ---------  --------  ----------  --------------  -------------------
/opt/airflow/dags/ml_pipeline_dag.py                           1           0  0.12s           2025-09-06T07:45:08
================================================================================
[2025-09-06T07:46:08.735+0000] {manager.py:878} INFO - 
================================================================================
DAG File Processing Stats

File Path                             PID    Runtime      # DAGs    # Errors  Last Runtime    Last Run
------------------------------------  -----  ---------  --------  ----------  --------------  -------------------
/opt/airflow/dags/ml_pipeline_dag.py                           1           0  0.13s           2025-09-06T07:45:38
================================================================================
[2025-09-06T07:46:38.955+0000] {manager.py:878} INFO - 
================================================================================
DAG File Processing Stats

File Path                             PID    Runtime      # DAGs    # Errors  Last Runtime    Last Run
------------------------------------  -----  ---------  --------  ----------  --------------  -------------------
/opt/airflow/dags/ml_pipeline_dag.py                           0           1  0.06s           2025-09-06T07:46:29
================================================================================
[2025-09-06T07:47:09.097+0000] {manager.py:878} INFO - 
================================================================================
DAG File Processing Stats

File Path                             PID    Runtime      # DAGs    # Errors  Last Runtime    Last Run
------------------------------------  -----  ---------  --------  ----------  --------------  -------------------
/opt/airflow/dags/ml_pipeline_dag.py                           0           1  0.07s           2025-09-06T07:47:00
================================================================================
[2025-09-06T07:47:39.222+0000] {manager.py:878} INFO - 
================================================================================
DAG File Processing Stats

File Path                             PID    Runtime      # DAGs    # Errors  Last Runtime    Last Run
------------------------------------  -----  ---------  --------  ----------  --------------  -------------------
/opt/airflow/dags/ml_pipeline_dag.py                           0           1  0.07s           2025-09-06T07:47:30
================================================================================
[2025-09-06T07:48:09.354+0000] {manager.py:878} INFO - 
================================================================================
DAG File Processing Stats

File Path                             PID    Runtime      # DAGs    # Errors  Last Runtime    Last Run
------------------------------------  -----  ---------  --------  ----------  --------------  -------------------
/opt/airflow/dags/ml_pipeline_dag.py                           0           1  0.06s           2025-09-06T07:48:00
================================================================================
[2025-09-06T07:48:39.474+0000] {manager.py:878} INFO - 
================================================================================
DAG File Processing Stats

File Path                             PID    Runtime      # DAGs    # Errors  Last Runtime    Last Run
------------------------------------  -----  ---------  --------  ----------  --------------  -------------------
/opt/airflow/dags/ml_pipeline_dag.py                           0           1  0.06s           2025-09-06T07:48:30
================================================================================
[2025-09-06T07:49:09.604+0000] {manager.py:878} INFO - 
================================================================================
DAG File Processing Stats

File Path                             PID    Runtime      # DAGs    # Errors  Last Runtime    Last Run
------------------------------------  -----  ---------  --------  ----------  --------------  -------------------
/opt/airflow/dags/ml_pipeline_dag.py                           0           1  0.06s           2025-09-06T07:49:00
================================================================================
[2025-09-06T07:49:31.343+0000] {manager.py:452} INFO - Exiting gracefully upon receiving signal 15
